Flutter crash report; please file at https://github.com/flutter/flutter/issues.

## command

flutter packages get

## exception

YamlException: Error on line 33, column 3: Expected ':'.
  # To add assets to your application, add an assets section, like this:
  ^

```
#0      Scanner._staleSimpleKeys (package:yaml/src/scanner.dart:491:9)
#1      Scanner._fetchMoreTokens (package:yaml/src/scanner.dart:325:9)
#2      Scanner.peek (package:yaml/src/scanner.dart:317:27)
#3      Parser._parseBlockMappingKey (package:yaml/src/parser.dart:418:26)
#4      Parser._stateMachine (package:yaml/src/parser.dart:86:16)
#5      Parser.parse (package:yaml/src/parser.dart:47:19)
#6      Loader._loadMapping (package:yaml/src/loader.dart:171:23)
#7      Loader._loadNode (package:yaml/src/loader.dart:86:16)
#8      Loader._loadSequence (package:yaml/src/loader.dart:141:20)
#9      Loader._loadNode (package:yaml/src/loader.dart:84:16)
#10     Loader._loadMapping (package:yaml/src/loader.dart:165:19)
#11     Loader._loadNode (package:yaml/src/loader.dart:86:16)
#12     Loader._loadMapping (package:yaml/src/loader.dart:165:19)
#13     Loader._loadNode (package:yaml/src/loader.dart:86:16)
#14     Loader._loadDocument (package:yaml/src/loader.dart:62:20)
#15     Loader.load (package:yaml/src/loader.dart:54:20)
#16     loadYamlDocument (package:yaml/yaml.dart:51:25)
#17     loadYamlNode (package:yaml/yaml.dart:42:5)
#18     loadYaml (package:yaml/yaml.dart:34:5)
#19     _pluginFromPubspec (package:flutter_tools/src/plugins.dart:62:27)
#20     findPlugins.<anonymous closure> (package:flutter_tools/src/plugins.dart:85:27)
#21     __InternalLinkedHashMap&_HashVMBase&MapMixin&_LinkedHashMapMixin.forEach (dart:collection/runtime/libcompact_hash.dart:370:8)
#22     findPlugins (package:flutter_tools/src/plugins.dart:83:12)
#23     injectPlugins (package:flutter_tools/src/plugins.dart:297:32)
<asynchronous suspension>
#24     FlutterProject.ensureReadyForPlatformSpecificTooling (package:flutter_tools/src/project.dart:142:11)
<asynchronous suspension>
#25     PackagesGetCommand.runCommand (package:flutter_tools/src/commands/packages.dart:84:23)
<asynchronous suspension>
#26     FlutterCommand.verifyThenRunCommand (package:flutter_tools/src/runner/flutter_command.dart:372:18)
#27     _asyncThenWrapperHelper.<anonymous closure> (dart:async/runtime/libasync_patch.dart:77:64)
#28     _rootRunUnary (dart:async/zone.dart:1132:38)
#29     _CustomZone.runUnary (dart:async/zone.dart:1029:19)
#30     _FutureListener.handleValue (dart:async/future_impl.dart:129:18)
#31     Future._propagateToListeners.handleValueCallback (dart:async/future_impl.dart:642:45)
#32     Future._propagateToListeners (dart:async/future_impl.dart:671:32)
#33     Future._complete (dart:async/future_impl.dart:476:7)
#34     _SyncCompleter.complete (dart:async/future_impl.dart:51:12)
#35     _AsyncAwaitCompleter.complete.<anonymous closure> (dart:async/runtime/libasync_patch.dart:33:20)
#36     _rootRun (dart:async/zone.dart:1124:13)
#37     _CustomZone.run (dart:async/zone.dart:1021:19)
#38     _CustomZone.bindCallback.<anonymous closure> (dart:async/zone.dart:947:23)
#39     _microtaskLoop (dart:async/schedule_microtask.dart:41:21)
#40     _startMicrotaskLoop (dart:async/schedule_microtask.dart:50:5)
#41     _runPendingImmediateCallback (dart:isolate/runtime/libisolate_patch.dart:115:13)
#42     _RawReceivePortImpl._handleMessage (dart:isolate/runtime/libisolate_patch.dart:172:5)
```

## flutter doctor

```
[✓] Flutter (Channel unknown, v0.9.4, on Microsoft Windows [Version 10.0.17134.471], locale en-US)
    • Flutter version 0.9.4 at C:\Users\iamth\flutter
    • Framework revision f37c235c32 (3 months ago), 2018-09-25 17:45:40 -0400
    • Engine revision 74625aed32
    • Dart version 2.1.0-dev.5.0.flutter-a2eb050044

[✓] Android toolchain - develop for Android devices (Android SDK 27.0.3)
    • Android SDK at C:\Users\iamth\AppData\Local\Android\sdk
    • Android NDK location not configured (optional; useful for native profiling support)
    • Platform android-P, build-tools 27.0.3
    • Java binary at: C:\Program Files\Android\Android Studio1\jre\bin\java
    • Java version OpenJDK Runtime Environment (build 1.8.0_152-release-1136-b06)
    • All Android licenses accepted.

[!] Android Studio (version 3.0)
    • Android Studio at C:\Program Files\Android\Android Studio
    • Flutter plugin version 23.2.1
    • Dart plugin version 171.4424
    ✗ Unable to determine bundled Java version.
    • Try updating or re-installing Android Studio.

[✓] Android Studio (version 3.2)
    • Android Studio at C:\Program Files\Android\Android Studio1
    • Flutter plugin version 30.0.1
    • Dart plugin version 181.5656
    • Java version OpenJDK Runtime Environment (build 1.8.0_152-release-1136-b06)

[✓] IntelliJ IDEA Community Edition (version 2017.3)
    • IntelliJ at C:\Program Files\JetBrains\IntelliJ IDEA Community Edition 2017.3.4
    • Flutter plugin version 22.2.2
    • Dart plugin version 173.4548.30

[✓] VS Code, 64-bit edition (version 1.29.1)
    • VS Code at C:\Program Files\Microsoft VS Code
    • Flutter extension version 2.21.1

[✓] Connected devices (1 available)
    • Android SDK built for x86 • emulator-5554 • android-x86 • Android 9 (API 28) (emulator)

! Doctor found issues in 1 category.
```
